2020/02/18 12:52:30 Created the instance hello1 35.229.34.208
2020/02/18 12:52:57 deleted the server hello
2020/02/18 12:52:57 http: panic serving 127.0.0.1:47178: runtime error: invalid memory address or nil pointer dereference
goroutine 33 [running]:
net/http.(*conn).serve.func1(0xc000395040)
	/usr/local/go/src/net/http/server.go:1769 +0x139
panic(0xc09760, 0x137c8a0)
	/usr/local/go/src/runtime/panic.go:522 +0x1b5
github.com/niharika199/GCP_go/compute/server.(*Serverdelinput).Deleteserver(0xc00029e2d0)
	/root/go/src/github.com/niharika199/GCP_go/compute/server/serverdel.go:41 +0x2cd
main.Delete(0xe288a0, 0xc00041a9a0, 0xc000255900)
	/root/GCP_go/api/api.go:61 +0x246
net/http.HandlerFunc.ServeHTTP(0xd69f30, 0xe288a0, 0xc00041a9a0, 0xc000255900)
	/usr/local/go/src/net/http/server.go:1995 +0x44
github.com/gorilla/mux.(*Router).ServeHTTP(0xc0000e60c0, 0xe288a0, 0xc00041a9a0, 0xc000255700)
	/root/go/src/github.com/gorilla/mux/mux.go:210 +0xe3
net/http.serverHandler.ServeHTTP(0xc000081520, 0xe288a0, 0xc00041a9a0, 0xc000255700)
	/usr/local/go/src/net/http/server.go:2774 +0xa8
net/http.(*conn).serve(0xc000395040, 0xe294e0, 0xc00033d080)
	/usr/local/go/src/net/http/server.go:1878 +0x851
created by net/http.(*Server).Serve
	/usr/local/go/src/net/http/server.go:2884 +0x2f4
2020/02/18 12:53:19 deleted the server hello1
